<?xml version="1.0" encoding="UTF-8"?>
<!-- Generated by org.testng.reporters.JUnitReportReporter -->
<testsuite hostname="NAGSEZ584599L" failures="0" tests="1" name="testCases.TC007_EndToEndTesting" time="50.783" errors="0" timestamp="2024-09-05T11:09:29 IST" skipped="0">
  <testcase classname="testCases.TC007_EndToEndTesting" name="EndToEndTesting" time="50.783"/>
</testsuite> <!-- testCases.TC007_EndToEndTesting -->
