<?xml version="1.0" encoding="UTF-8"?>
<!-- Generated by org.testng.reporters.JUnitReportReporter -->
<testsuite hostname="NAGSEZ584599L" failures="0" tests="1" name="testCases.TC005_AddToCart" time="6.583" errors="0" timestamp="2024-09-04T13:24:16 IST" skipped="0">
  <testcase classname="testCases.TC005_AddToCart" name="AddToCart" time="6.583"/>
</testsuite> <!-- testCases.TC005_AddToCart -->
