<?xml version="1.0" encoding="UTF-8"?>
<!-- Generated by org.testng.reporters.JUnitReportReporter -->
<testsuite hostname="NAGSEZ584599L" failures="0" tests="1" name="testCases.TC004_SearchProduct" time="4.179" errors="0" timestamp="2024-09-04T12:31:09 IST" skipped="0">
  <testcase classname="testCases.TC004_SearchProduct" name="SearchingProduct" time="4.179"/>
</testsuite> <!-- testCases.TC004_SearchProduct -->
