<?xml version="1.0" encoding="UTF-8"?>
<!-- Generated by org.testng.reporters.JUnitReportReporter -->
<testsuite hostname="NAGSEZ584599L" failures="0" tests="1" name="testCases.TC002_VerifyLoginPage" time="2.426" errors="0" timestamp="2024-09-03T15:32:09 IST" skipped="0">
  <testcase classname="testCases.TC002_VerifyLoginPage" name="verifyLoginTest" time="2.426"/>
</testsuite> <!-- testCases.TC002_VerifyLoginPage -->
