<?xml version="1.0" encoding="UTF-8"?>
<!-- Generated by org.testng.reporters.JUnitReportReporter -->
<testsuite hostname="NAGSEZ584599L" failures="0" tests="1" name="testCases.TC001_AccRegistrationTest" time="4.176" errors="0" timestamp="2024-09-03T18:43:41 IST" skipped="0">
  <testcase classname="testCases.TC001_AccRegistrationTest" name="testAccountReg" time="4.176"/>
</testsuite> <!-- testCases.TC001_AccRegistrationTest -->
